This is pdfTeX, Version 3.1415926-2.5-1.40.14 (TeX Live 2013) (format=pdfetex 2017.7.25)  9 MAR 2018 14:21
entering extended mode
 restricted \write18 enabled.
 file:line:error style messages enabled.
 %&-line parsing enabled.
**\catcode126=12 \def\normaltilde{~}\catcode126=13 \let~\normaltilde  \input ./
Genesis.texi
(./Genesis.texi
(/usr/share/texlive/texmf-local/texmf-compat/tex/texinfo/texinfo.tex
Loading texinfo [version 2013-02-01.11]:
\bindingoffset=\dimen16
\normaloffset=\dimen17
\pagewidth=\dimen18
\pageheight=\dimen19
\outerhsize=\dimen20
\outervsize=\dimen21
\cornerlong=\dimen22
\cornerthick=\dimen23
\topandbottommargin=\dimen24
\headlinebox=\box16
\footlinebox=\box17
\margin=\insert252
\EMsimple=\toks13
\groupbox=\box18
\groupinvalidhelp=\toks14
\mil=\dimen25
\exdentamount=\skip18
\inmarginspacing=\skip19
\centerpenalty=\count27
 pdf,
\tempnum=\count28
\lnkcount=\count29
\filename=\toks15
\filenamelength=\count30
\pgn=\count31
\toksA=\toks16
\toksB=\toks17
\toksC=\toks18
\toksD=\toks19
\boxA=\box19
\countA=\count32
\nopdfimagehelp=\toks20
 fonts,
\sffam=\fam8
\textleading=\dimen26
 markup,
\fontdepth=\count33
 glyphs,
\errorbox=\box20

page headings,
\titlepagetopglue=\skip20
\titlepagebottomglue=\skip21
\evenheadline=\toks21
\oddheadline=\toks22
\evenfootline=\toks23
\oddfootline=\toks24
 tables,
\tableindent=\dimen27
\itemindent=\dimen28
\itemmargin=\dimen29
\itemmax=\dimen30
\itemno=\count34
\multitableparskip=\skip22
\multitableparindent=\skip23
\multitablecolspace=\dimen31
\multitablelinespace=\skip24
\colcount=\count35
\everytab=\toks25
 conditionals,
\doignorecount=\count36
 indexing,
\whatsitskip=\skip25
\whatsitpenalty=\count37
\secondaryindent=\skip26
\partialpage=\box21
\doublecolumnhsize=\dimen32
 sectioning,
\unnumberedno=\count38
\chapno=\count39
\secno=\count40
\subsecno=\count41
\subsubsecno=\count42
\appendixno=\count43
\absseclevel=\count44
\secbase=\count45
\chapheadingskip=\skip27
\secheadingskip=\skip28
\subsecheadingskip=\skip29
 toc,
\tocfile=\write0
\contentsrightmargin=\skip30
\savepageno=\count46
\lastnegativepageno=\count47
\tocindent=\dimen33
 environments,
\lispnarrowing=\skip31
\envskipamount=\skip32
\circthick=\dimen34
\cartouter=\dimen35
\cartinner=\dimen36
\normbskip=\skip33
\normpskip=\skip34
\normlskip=\skip35
\lskip=\skip36
\rskip=\skip37
\nonfillparindent=\dimen37
\tabw=\dimen38
\verbbox=\box22

defuns,
\defbodyindent=\skip38
\defargsindent=\skip39
\deflastargmargin=\skip40
\defunpenalty=\count48
\parencount=\count49
\brackcount=\count50
 macros,
\paramno=\count51
\macname=\toks26
 cross references,
\auxfile=\write1
\savesfregister=\count52
\toprefbox=\box23
\printedrefnamebox=\box24
\infofilenamebox=\box25
\printedmanualbox=\box26
 insertions,
\footnoteno=\count53
\SAVEfootins=\box27
\SAVEmargin=\box28

(/usr/share/texlive/texmf-dist/tex/generic/epsf/epsf.tex
This is `epsf.tex' v2.7.4 <14 February 2011>
\epsffilein=\read1
\epsfframemargin=\dimen39
\epsfframethickness=\dimen40
\epsfrsize=\dimen41
\epsftmp=\dimen42
\epsftsize=\dimen43
\epsfxsize=\dimen44
\epsfysize=\dimen45
\pspoints=\dimen46
)
\noepsfhelp=\toks27
 localization,
\nolanghelp=\toks28
\countUTFx=\count54
\countUTFy=\count55
\countUTFz=\count56
 formatting,
\defaultparindent=\dimen47
 and turning on texinfo input format.)
(./Genesis.aux)
\openout1 = `Genesis.aux'.

@cpindfile=@write2
@fnindfile=@write3
@vrindfile=@write4
@tpindfile=@write5
@kyindfile=@write6
@pgindfile=@write7
 [1
\openout2 = `Genesis.cp'.

\openout3 = `Genesis.fn'.

\openout4 = `Genesis.vr'.

\openout5 = `Genesis.tp'.

\openout6 = `Genesis.ky'.

\openout7 = `Genesis.pg'.

{/usr/share/texlive/texmf/fonts/map/pdftex/updmap/pdftex.map}] Chapter 1
\openout0 = `Genesis.toc'.

 <./pca.jpg> <./admix.pdf> [1] Chapter 2 [2] [3] <./n.pdf

pdfTeX warning: pdfetex (file ./n.pdf): PDF inclusion: multiple pdfs with page 
group included in a single page
> [4] Chapter 3 [5] [6] <./popgroupopts.jpg>
Underfull \hbox (badness 10000) in paragraph at lines 454--457
 

@hbox(0.0+0.0)x433.62
.@glue(@leftskip) 21.68121
.@glue(@rightskip) 0.0

[7] <./famorder.png>
Underfull \hbox (badness 10000) in paragraph at lines 481--483
 

@hbox(0.0+0.0)x433.62
.@glue(@leftskip) 21.68121
.@glue(@rightskip) 0.0

 <./blueorder.png> [8] <./multdifferent.jpg> <./multsame.png> [9] [10]
Overfull \hbox (14.77765pt too wide) in paragraph at lines 678--678
[][] |

@hbox(7.60416+2.43333)x433.62
.@hbox(0.0+0.0)x0.0
.@hbox(7.60416+2.43333)x448.39764
..@penalty 10000
..@glue 5.74869
..@penalty 10000
..@glue 5.74869
..@texttt -
..etc.
.@penalty 10000
.@glue(@parfillskip) 0.0 plus 1.0fil
.@glue(@rightskip) 0.0
.etc.

Chapter 4 [11] [12] [13] [14] [15]
Overfull \hbox (78.01321pt too wide) in paragraph at lines 944--944
[][] |

@hbox(6.69167+2.43333)x433.62
.@hbox(0.0+0.0)x0.0
.@hbox(6.69167+2.43333)x511.63321
..@texttt f
..@texttt l
..@texttt a
..@texttt s
..@texttt h
..etc.
.@penalty 10000
.@glue(@parfillskip) 0.0 plus 1.0fil
.@glue(@rightskip) 0.0
.etc.

Chapter 5 [16] [17] [18] Chapter 6 [19]
Overfull \hbox (11.00912pt too wide) in paragraph at lines 1050--1052
[]@textrm Any tech-ni-cal ques-tions on the use of @texttt Genesis[] @textrm sh
ould be sent to @texttt genesis@bioinf.wits.ac.za[]@textrm . |

@hbox(7.60416+2.43333)x433.62, glue set - 1.0
.@hbox(0.0+0.0)x15.0
.@kern -15.0
.@textrm A
.@textrm n
.@kern-0.30418
.etc.

Missing character: There is no â in font cmr10!
Missing character: There is no € in font cmr10!
Missing character: There is no “ in font cmr10!
Missing character: There is no â in font cmr10!
Missing character: There is no € in font cmr10!
Missing character: There is no “ in font cmr10!
Missing character: There is no â in font cmr10!
Missing character: There is no € in font cmr10!
Missing character: There is no “ in font cmr10!
[20] ) 
Here is how much of TeX's memory you used:
 1911 strings out of 497118
 23254 string characters out of 3207143
 60282 words of memory out of 3000000
 2984 multiletter control sequences out of 15000+200000
 32127 words of font info for 112 fonts, out of 3000000 for 9000
 51 hyphenation exceptions out of 8191
 17i,6n,16p,705b,398s stack positions out of 5000i,500n,10000p,200000b,50000s
</usr/share/texlive/texmf-dist/fonts/type1/public/amsfonts/cm/cmb10.pfb><
/usr/share/texlive/texmf-dist/fonts/type1/public/amsfonts/cm/cmbx12.pfb></usr/s
hare/texlive/texmf-dist/fonts/type1/public/amsfonts/cm/cmr10.pfb></usr/share/te
xlive/texmf-dist/fonts/type1/public/amsfonts/cm/cmsy10.pfb></usr/share/texlive/
texmf-dist/fonts/type1/public/amsfonts/cm/cmti10.pfb></usr/share/texlive/texmf-
dist/fonts/type1/public/amsfonts/cm/cmtt10.pfb></usr/share/texlive/texmf-dist/f
onts/type1/public/amsfonts/cm/cmtt12.pfb>
Output written on Genesis.pdf (21 pages, 773714 bytes).
PDF statistics:
 167 PDF objects out of 1000 (max. 8388607)
 121 compressed objects within 2 object streams
 26 named destinations out of 1000 (max. 500000)
 53 words of extra memory for PDF output out of 10000 (max. 10000000)

